<?xml version="1.0" encoding="UTF-8" ?>
<testsuite errors="0" failures="0" hostname="schefesNB" name="domain.PersonTest" tests="7" time="4.895" timestamp="2011-07-06T20:16:01">
  <properties>
[...]
</properties>
  <testcase classname="domain.PersonTest" name="implementsEquals" time="0.704" />
  <testcase classname="domain.PersonTest" name="personCreation" time="0.577" />
  <testcase classname="domain.PersonTest" name="findAll" time="0.693" />
  <testcase classname="domain.PersonTest" name="findByID" time="0.555" />
  <testcase classname="domain.PersonTest" name="deletePerson" time="0.662" />
  <testcase classname="domain.PersonTest" name="removePet" time="0.86" />
  <testcase classname="domain.PersonTest" name="getPets" time="0.792" />
  <system-out><![CDATA[sqlite driver mode: native
database driver: SQLiteJDBC
]]></system-out>
  <system-err><![CDATA[]]></system-err>
</testsuite>
